<?xml version="1.0" encoding="utf-8"?><testsuites><testsuite errors="0" failures="0" hostname="DESKTOP-6P2SG9M" name="pytest" skipped="0" tests="11" time="322.310" timestamp="2020-03-28T19:47:16.489348"><testcase classname="case_test.test_invest.Test" file="case_test\test_invest.py" line="9" name="test_invest[i0]" time="104.073"></testcase><testcase classname="case_test.test_invest.Test" file="case_test\test_invest.py" line="9" name="test_invest[i1]" time="52.234"></testcase><testcase classname="case_test.test_invest.Test" file="case_test\test_invest.py" line="27" name="test_invest_triumph" time="50.086"></testcase><testcase classname="case_test.test_login.TestLogin" file="case_test\test_login.py" line="10" name="test_login_error_format[i0]" time="35.135"></testcase><testcase classname="case_test.test_login.TestLogin" file="case_test\test_login.py" line="10" name="test_login_error_format[i1]" time="0.570"></testcase><testcase classname="case_test.test_login.TestLogin" file="case_test\test_login.py" line="10" name="test_login_error_format[i2]" time="0.736"></testcase><testcase classname="case_test.test_login.TestLogin" file="case_test\test_login.py" line="10" name="test_login_error_format[i3]" time="0.809"></testcase><testcase classname="case_test.test_login.TestLogin" file="case_test\test_login.py" line="10" name="test_login_error_format[i4]" time="0.463"></testcase><testcase classname="case_test.test_login.TestLogin" file="case_test\test_login.py" line="18" name="test_login_unregistered[data0]" time="0.999"></testcase><testcase classname="case_test.test_login.TestLogin" file="case_test\test_login.py" line="18" name="test_login_unregistered[data1]" time="0.962"></testcase><testcase classname="case_test.test_login.TestLogin" file="case_test\test_login.py" line="25" name="test_login_win" time="45.702"></testcase></testsuite></testsuites>